# JRE version: OpenJDK Runtime Environment (8.0_242-b01) (build 1.8.0_242-release-1644-b01)
# Java VM: OpenJDK 64-Bit Server VM (25.242-b01 mixed mode windows-amd64 compressed oops)
Heap:
 PSYoungGen      total 418816K, used 274420K [0x00000000e0000000, 0x00000000ffc80000, 0x0000000100000000)
  eden space 327680K, 79% used [0x00000000e0000000,0x00000000efd0b3f0,0x00000000f4000000)
  from space 91136K, 16% used [0x00000000f4000000,0x00000000f4ef1c90,0x00000000f9900000)
  to   space 88064K, 0% used [0x00000000fa680000,0x00000000fa680000,0x00000000ffc80000)
 ParOldGen       total 292352K, used 77708K [0x00000000a0000000, 0x00000000b1d80000, 0x00000000e0000000)
  object space 292352K, 26% used [0x00000000a0000000,0x00000000a4be3148,0x00000000b1d80000)
 Metaspace       used 139575K, capacity 145582K, committed 148008K, reserved 1177600K
  class space    used 17365K, capacity 18539K, committed 18984K, reserved 1048576K
GC Heap History (10 events):
Event: 13247.050 GC heap before
{Heap before GC invocations=59 (full 7):
 PSYoungGen      total 394752K, used 320974K [0x00000000e0000000, 0x00000000fed00000, 0x0000000100000000)
  eden space 285184K, 100% used [0x00000000e0000000,0x00000000f1680000,0x00000000f1680000)
  from space 109568K, 32% used [0x00000000f1680000,0x00000000f39739e0,0x00000000f8180000)
  to   space 101888K, 0% used [0x00000000f8980000,0x00000000f8980000,0x00000000fed00000)
 ParOldGen       total 292352K, used 191534K [0x00000000a0000000, 0x00000000b1d80000, 0x00000000e0000000)
  object space 292352K, 65% used [0x00000000a0000000,0x00000000abb0baa0,0x00000000b1d80000)
 Metaspace       used 129977K, capacity 137072K, committed 137256K, reserved 1169408K
  class space    used 16237K, capacity 17594K, committed 17704K, reserved 1048576K
Event: 13247.505 GC heap after
Heap after GC invocations=59 (full 7):
 PSYoungGen      total 406016K, used 28241K [0x00000000e0000000, 0x00000000feb00000, 0x0000000100000000)
  eden space 306176K, 0% used [0x00000000e0000000,0x00000000e0000000,0x00000000f2b00000)
  from space 99840K, 28% used [0x00000000f8980000,0x00000000fa514548,0x00000000feb00000)
  to   space 96768K, 0% used [0x00000000f2b00000,0x00000000f2b00000,0x00000000f8980000)
 ParOldGen       total 292352K, used 191542K [0x00000000a0000000, 0x00000000b1d80000, 0x00000000e0000000)
  object space 292352K, 65% used [0x00000000a0000000,0x00000000abb0daa0,0x00000000b1d80000)
 Metaspace       used 129977K, capacity 137072K, committed 137256K, reserved 1169408K
  class space    used 16237K, capacity 17594K, committed 17704K, reserved 1048576K
}
Event: 13256.582 GC heap before
{Heap before GC invocations=60 (full 7):
 PSYoungGen      total 406016K, used 334417K [0x00000000e0000000, 0x00000000feb00000, 0x0000000100000000)
  eden space 306176K, 100% used [0x00000000e0000000,0x00000000f2b00000,0x00000000f2b00000)
  from space 99840K, 28% used [0x00000000f8980000,0x00000000fa514548,0x00000000feb00000)
  to   space 96768K, 0% used [0x00000000f2b00000,0x00000000f2b00000,0x00000000f8980000)
 ParOldGen       total 292352K, used 191542K [0x00000000a0000000, 0x00000000b1d80000, 0x00000000e0000000)
  object space 292352K, 65% used [0x00000000a0000000,0x00000000abb0daa0,0x00000000b1d80000)
 Metaspace       used 131638K, capacity 138754K, committed 138920K, reserved 1171456K
  class space    used 16425K, capacity 17787K, committed 17832K, reserved 1048576K
Event: 13256.644 GC heap after
Heap after GC invocations=60 (full 7):
 PSYoungGen      total 402944K, used 15049K [0x00000000e0000000, 0x00000000ff700000, 0x0000000100000000)
  eden space 306176K, 0% used [0x00000000e0000000,0x00000000e0000000,0x00000000f2b00000)
  from space 96768K, 15% used [0x00000000f2b00000,0x00000000f39b2668,0x00000000f8980000)
  to   space 93696K, 0% used [0x00000000f9b80000,0x00000000f9b80000,0x00000000ff700000)
 ParOldGen       total 292352K, used 191550K [0x00000000a0000000, 0x00000000b1d80000, 0x00000000e0000000)
  object space 292352K, 65% used [0x00000000a0000000,0x00000000abb0faa0,0x00000000b1d80000)
 Metaspace       used 131638K, capacity 138754K, committed 138920K, reserved 1171456K
  class space    used 16425K, capacity 17787K, committed 17832K, reserved 1048576K
}
Event: 13258.322 GC heap before
{Heap before GC invocations=61 (full 7):
 PSYoungGen      total 402944K, used 43018K [0x00000000e0000000, 0x00000000ff700000, 0x0000000100000000)
  eden space 306176K, 9% used [0x00000000e0000000,0x00000000e1b50298,0x00000000f2b00000)
  from space 96768K, 15% used [0x00000000f2b00000,0x00000000f39b2668,0x00000000f8980000)
  to   space 93696K, 0% used [0x00000000f9b80000,0x00000000f9b80000,0x00000000ff700000)
 ParOldGen       total 292352K, used 191550K [0x00000000a0000000, 0x00000000b1d80000, 0x00000000e0000000)
  object space 292352K, 65% used [0x00000000a0000000,0x00000000abb0faa0,0x00000000b1d80000)
 Metaspace       used 132786K, capacity 140000K, committed 140200K, reserved 1171456K
  class space    used 16607K, capacity 17984K, committed 18088K, reserved 1048576K
Event: 13258.363 GC heap after
Heap after GC invocations=61 (full 7):
 PSYoungGen      total 416256K, used 11938K [0x00000000e0000000, 0x00000000ff200000, 0x0000000100000000)
  eden space 327680K, 0% used [0x00000000e0000000,0x00000000e0000000,0x00000000f4000000)
  from space 88576K, 13% used [0x00000000f9b80000,0x00000000fa728a20,0x00000000ff200000)
  to   space 91136K, 0% used [0x00000000f4000000,0x00000000f4000000,0x00000000f9900000)
 ParOldGen       total 292352K, used 191558K [0x00000000a0000000, 0x00000000b1d80000, 0x00000000e0000000)
  object space 292352K, 65% used [0x00000000a0000000,0x00000000abb11aa0,0x00000000b1d80000)
 Metaspace       used 132786K, capacity 140000K, committed 140200K, reserved 1171456K
  class space    used 16607K, capacity 17984K, committed 18088K, reserved 1048576K
}
Event: 13258.363 GC heap before
{Heap before GC invocations=62 (full 8):
 PSYoungGen      total 416256K, used 11938K [0x00000000e0000000, 0x00000000ff200000, 0x0000000100000000)
  eden space 327680K, 0% used [0x00000000e0000000,0x00000000e0000000,0x00000000f4000000)
  from space 88576K, 13% used [0x00000000f9b80000,0x00000000fa728a20,0x00000000ff200000)
  to   space 91136K, 0% used [0x00000000f4000000,0x00000000f4000000,0x00000000f9900000)
 ParOldGen       total 292352K, used 191558K [0x00000000a0000000, 0x00000000b1d80000, 0x00000000e0000000)
  object space 292352K, 65% used [0x00000000a0000000,0x00000000abb11aa0,0x00000000b1d80000)
 Metaspace       used 132786K, capacity 140000K, committed 140200K, reserved 1171456K
  class space    used 16607K, capacity 17984K, committed 18088K, reserved 1048576K
Event: 13260.388 GC heap after
Heap after GC invocations=62 (full 8):
 PSYoungGen      total 416256K, used 0K [0x00000000e0000000, 0x00000000ff200000, 0x0000000100000000)
  eden space 327680K, 0% used [0x00000000e0000000,0x00000000e0000000,0x00000000f4000000)
  from space 88576K, 0% used [0x00000000f9b80000,0x00000000f9b80000,0x00000000ff200000)
  to   space 91136K, 0% used [0x00000000f4000000,0x00000000f4000000,0x00000000f9900000)
 ParOldGen       total 292352K, used 77700K [0x00000000a0000000, 0x00000000b1d80000, 0x00000000e0000000)
  object space 292352K, 26% used [0x00000000a0000000,0x00000000a4be1148,0x00000000b1d80000)
 Metaspace       used 130905K, capacity 136242K, committed 140200K, reserved 1171456K
  class space    used 16211K, capacity 17283K, committed 18088K, reserved 1048576K
}
Event: 13297.283 GC heap before
{Heap before GC invocations=63 (full 8):
 PSYoungGen      total 416256K, used 327680K [0x00000000e0000000, 0x00000000ff200000, 0x0000000100000000)
  eden space 327680K, 100% used [0x00000000e0000000,0x00000000f4000000,0x00000000f4000000)
  from space 88576K, 0% used [0x00000000f9b80000,0x00000000f9b80000,0x00000000ff200000)
  to   space 91136K, 0% used [0x00000000f4000000,0x00000000f4000000,0x00000000f9900000)
 ParOldGen       total 292352K, used 77700K [0x00000000a0000000, 0x00000000b1d80000, 0x00000000e0000000)
  object space 292352K, 26% used [0x00000000a0000000,0x00000000a4be1148,0x00000000b1d80000)
 Metaspace       used 139157K, capacity 145102K, committed 147752K, reserved 1177600K
  class space    used 17328K, capacity 18501K, committed 18984K, reserved 1048576K
Event: 13297.728 GC heap after
Heap after GC invocations=63 (full 8):
 PSYoungGen      total 418816K, used 15303K [0x00000000e0000000, 0x00000000ffc80000, 0x0000000100000000)
  eden space 327680K, 0% used [0x00000000e0000000,0x00000000e0000000,0x00000000f4000000)
  from space 91136K, 16% used [0x00000000f4000000,0x00000000f4ef1c90,0x00000000f9900000)
  to   space 88064K, 0% used [0x00000000fa680000,0x00000000fa680000,0x00000000ffc80000)
 ParOldGen       total 292352K, used 77708K [0x00000000a0000000, 0x00000000b1d80000, 0x00000000e0000000)
  object space 292352K, 26% used [0x00000000a0000000,0x00000000a4be3148,0x00000000b1d80000)
 Metaspace       used 139157K, capacity 145102K, committed 147752K, reserved 1177600K
  class space    used 17328K, capacity 18501K, committed 18984K, reserved 1048576K
}

